<?xml version="1.0" encoding="UTF-8"?>
<!-- Generated by org.testng.reporters.JUnitReportReporter -->
<testsuite hostname="DESKTOP-HOOOIG6" failures="0" tests="1" name="com.test.lakshmi.cucumber.runners.SmokeTestngTestRunner" time="30.125" errors="0" timestamp="2021-05-17T09:46:20 BST" skipped="0">
  <testcase classname="com.test.lakshmi.cucumber.runners.SmokeTestngTestRunner" name="runScenario" time="30.125"/>
  <system-out/>
</testsuite> <!-- com.test.lakshmi.cucumber.runners.SmokeTestngTestRunner -->
