<?xml version="1.0" encoding="UTF-8"?>
<!-- Generated by org.testng.reporters.JUnitReportReporter -->
<testsuite hostname="DESKTOP-HOOOIG6" failures="0" tests="2" name="com.test.lakshmi.cucumber.runners.RegressionRunnerClass" time="100.775" errors="0" timestamp="2021-05-17T16:24:20 BST" skipped="0">
  <testcase classname="com.test.lakshmi.cucumber.runners.RegressionRunnerClass" name="runScenario" time="29.544"/>
  <system-out/>
  <testcase classname="com.test.lakshmi.cucumber.runners.RegressionRunnerClass" name="runScenario" time="71.231"/>
  <system-out/>
</testsuite> <!-- com.test.lakshmi.cucumber.runners.RegressionRunnerClass -->
