<?xml version="1.0" encoding="UTF-8"?>
<!-- Generated by org.testng.reporters.JUnitReportReporter -->
<testsuite hostname="DESKTOP-HOOOIG6" failures="0" tests="1" name="com.test.lakshmi.cucumber.runners.SmokeRunnerClass" time="31.376" errors="0" timestamp="2021-05-17T11:36:21 BST" skipped="0">
  <testcase classname="com.test.lakshmi.cucumber.runners.SmokeRunnerClass" name="runScenario" time="31.376"/>
  <system-out/>
</testsuite> <!-- com.test.lakshmi.cucumber.runners.SmokeRunnerClass -->
